10+20
30
console.log("안녕하세요")
VM238:1 안녕하세요
undefined
alert ("안녕하세요.")
undefined
a = 10
10
alert(a)
undefined
confirm("종료하시겠습니까?")
true
prompt("당신의 이름은?")
'신동재'
prompt("종료하시겠습니까?(예/아니오)","예")
'아니오'
name = "신동재"
'신동재'
console.log(name+"님 환영합니다.")
VM977:1 신동재님 환영합니다.
undefined
document.write("제 이름은 " + name + "입니다.")
undefined
let result
undefined
result = 10
10
const number
VM1290:1 Uncaught SyntaxError: Missing initializer in const declaration
const number = 10
undefined
number
10
number = 20
VM1385:1 Uncaught TypeError: Assignment to constant variable.
    at <anonymous>:1:8
(익명) @ VM1385:1
let age = 23
undefined
console.log(name + "님 나이는 " + age + "세 입니다.")
VM1685:1 신동재님 나이는 23세 입니다.
undefined
console.log(`${name}님의 나이는 ${age}세 입니다.`)
VM1902:1 신동재님의 나이는 23세 입니다.
undefined
let student = {
    major : "컴퓨터공학부",
    idNum : 202095050,
    name : "신동재"}
undefined
student
{major: '컴퓨터공학부', idNum: 202095092, name: '신동재'}
student.name
'신동재'
student["major"]
'컴퓨터공학부'
let id = Symbol()
undefined
const member
VM2450:1 Uncaught SyntaxError: Missing initializer in const declaration
const member = {
    name : "신동재",
    [id] : 12345
}
undefined
member
{name: '신동재', Symbol(): 12345}
member[id]
12345